<?xml version="1.0" encoding="UTF-8"?>
<!-- Generated by org.testng.reporters.JUnitReportReporter -->
<testsuite hostname="DESKTOP-O544DRQ" name="com.app.seleniumsession.companyTestScript" tests="2" failures="0" timestamp="7 Sep 2021 05:08:12 GMT" time="63.617" errors="0">
  <testcase name="readTable" time="63.616" classname="com.app.seleniumsession.companyTestScript"/>
  <testcase name="getListOfCompany" time="0.001" classname="com.app.seleniumsession.companyTestScript"/>
</testsuite> <!-- com.app.seleniumsession.companyTestScript -->
