<?xml version="1.0" encoding="UTF-8"?>
<!-- Generated by org.testng.reporters.JUnitReportReporter -->
<testsuite hostname="DESKTOP-O544DRQ" name="com.app.seleniumsession.DatepickerTest" tests="1" failures="0" timestamp="25 Jul 2021 05:52:57 GMT" time="12.842" errors="0">
  <testcase name="selectDateFromDatePicker" time="12.842" classname="com.app.seleniumsession.DatepickerTest"/>
</testsuite> <!-- com.app.seleniumsession.DatepickerTest -->
