<?xml version="1.0" encoding="UTF-8"?>
<!-- Generated by org.testng.reporters.JUnitReportReporter -->
<testsuite hostname="DESKTOP-O544DRQ" name="com.app.seleniumsession.WaitCommands" tests="1" failures="0" timestamp="17 Jul 2021 07:01:54 GMT" time="13.964" errors="0">
  <testcase name="ImplicitWait" time="13.964" classname="com.app.seleniumsession.WaitCommands"/>
</testsuite> <!-- com.app.seleniumsession.WaitCommands -->
