<?xml version="1.0" encoding="UTF-8"?>
<!-- Generated by org.testng.reporters.JUnitReportReporter -->
<testsuite hostname="DESKTOP-O544DRQ" name="com.app.practice.DataProviderTest" tests="2" failures="0" timestamp="24 Jul 2021 06:47:19 GMT" time="0.023" errors="0">
  <testcase name="testMethod" time="0.002" classname="com.app.practice.DataProviderTest"/>
  <testcase name="testMethod" time="0.021" classname="com.app.practice.DataProviderTest"/>
</testsuite> <!-- com.app.practice.DataProviderTest -->
