<?xml version="1.0" encoding="UTF-8"?>
<!-- Generated by org.testng.reporters.JUnitReportReporter -->
<testsuite hostname="DESKTOP-O544DRQ" name="com.app.RestAssurred.TestToReadResponseData" tests="1" failures="0" timestamp="18 Sep 2021 15:30:20 GMT" time="0.597" errors="0">
  <testcase name="testReadJsonResponse" time="0.597" classname="com.app.RestAssurred.TestToReadResponseData"/>
</testsuite> <!-- com.app.RestAssurred.TestToReadResponseData -->
