<?xml version="1.0" encoding="UTF-8"?>
<!-- Generated by org.testng.reporters.JUnitReportReporter -->
<testsuite hostname="DESKTOP-O544DRQ" name="com.app.RestAssurred.CreateUser" tests="1" failures="0" timestamp="22 Sep 2021 10:09:24 GMT" time="2.925" errors="0">
  <testcase name="createUser" time="2.925" classname="com.app.RestAssurred.CreateUser"/>
</testsuite> <!-- com.app.RestAssurred.CreateUser -->
