<?xml version="1.0" encoding="UTF-8"?>
<!-- Generated by org.testng.reporters.JUnitReportReporter -->
<testsuite hostname="DESKTOP-O544DRQ" name="com.app.seleniumsession.Tables" tests="1" failures="0" timestamp="24 Jul 2021 19:12:02 GMT" time="37.350" errors="0">
  <testcase name="handleTable" time="37.350" classname="com.app.seleniumsession.Tables"/>
</testsuite> <!-- com.app.seleniumsession.Tables -->
