<?xml version="1.0" encoding="UTF-8"?>
<!-- Generated by org.testng.reporters.JUnitReportReporter -->
<testsuite hostname="DESKTOP-O544DRQ" name="com.app.RestAssurred.CreateBooking" tests="1" failures="0" timestamp="18 Jul 2021 15:57:50 GMT" time="7.116" errors="0">
  <testcase name="createBooking" time="7.116" classname="com.app.RestAssurred.CreateBooking"/>
</testsuite> <!-- com.app.RestAssurred.CreateBooking -->
