<?xml version="1.0" encoding="UTF-8"?>
<!-- Generated by org.testng.reporters.JUnitReportReporter -->
<testsuite hostname="DESKTOP-O544DRQ" name="com.app.RestAssurred.GetCityInformation" tests="1" failures="0" timestamp="11 Aug 2021 17:42:09 GMT" time="4.905" errors="0">
  <testcase name="getUsers" time="4.905" classname="com.app.RestAssurred.GetCityInformation"/>
</testsuite> <!-- com.app.RestAssurred.GetCityInformation -->
