<?xml version="1.0" encoding="UTF-8"?>
<!-- Generated by org.testng.reporters.JUnitReportReporter -->
<testsuite hostname="DESKTOP-O544DRQ" name="com.app.seleniumsession.ReadTables" tests="1" failures="0" timestamp="7 Sep 2021 06:31:13 GMT" time="3.199" errors="0">
  <testcase name="TestWithAdvanceLoop" time="3.199" classname="com.app.seleniumsession.ReadTables"/>
</testsuite> <!-- com.app.seleniumsession.ReadTables -->
