<?xml version="1.0" encoding="UTF-8"?>
<!-- Generated by org.testng.reporters.JUnitReportReporter -->
<testsuite hostname="360NDCLP086" name="com.app.seleniumsession.DataProviderClass" tests="3" failures="0" timestamp="4 Feb 2020 13:12:10 GMT" time="0.037" errors="0">
  <testcase name="printUserInfor" time="0.023" classname="com.app.seleniumsession.DataProviderClass"/>
  <testcase name="printUserInfor" time="0.006" classname="com.app.seleniumsession.DataProviderClass"/>
  <testcase name="printUserInfor" time="0.008" classname="com.app.seleniumsession.DataProviderClass"/>
</testsuite> <!-- com.app.seleniumsession.DataProviderClass -->
