<?xml version="1.0" encoding="UTF-8"?>
<!-- Generated by org.testng.reporters.JUnitReportReporter -->
<testsuite hostname="DESKTOP-O544DRQ" name="com.app.RestAssurred.MockAPI" tests="1" failures="0" timestamp="18 Sep 2021 14:42:26 GMT" time="0.780" errors="0">
  <testcase name="parseComplexMockResponse" time="0.780" classname="com.app.RestAssurred.MockAPI"/>
</testsuite> <!-- com.app.RestAssurred.MockAPI -->
